20:59:47: [INFO] [C:\Users\Daniel Kwan\autonomy-bootcamp-2023\autonomy-bootcamp-2025-p2\modules\heartbeat\heartbeat_receiver_worker.py | heartbeat_receiver_worker | 43] Logger initialized
20:59:47: [DEBUG] [C:\Users\Daniel Kwan\autonomy-bootcamp-2023\autonomy-bootcamp-2025-p2\modules\heartbeat\heartbeat_receiver.py | run | 61] Heartbeat Received
20:59:47: [INFO] [C:\Users\Daniel Kwan\autonomy-bootcamp-2023\autonomy-bootcamp-2025-p2\modules\heartbeat\heartbeat_receiver.py | run | 67] Connected to Drone
20:59:47: [DEBUG] [C:\Users\Daniel Kwan\autonomy-bootcamp-2023\autonomy-bootcamp-2025-p2\modules\heartbeat\heartbeat_receiver_worker.py | heartbeat_receiver_worker | 68] Status: Connected
20:59:48: [DEBUG] [C:\Users\Daniel Kwan\autonomy-bootcamp-2023\autonomy-bootcamp-2025-p2\modules\heartbeat\heartbeat_receiver.py | run | 61] Heartbeat Received
20:59:48: [DEBUG] [C:\Users\Daniel Kwan\autonomy-bootcamp-2023\autonomy-bootcamp-2025-p2\modules\heartbeat\heartbeat_receiver_worker.py | heartbeat_receiver_worker | 68] Status: Connected
20:59:49: [WARNING] [C:\Users\Daniel Kwan\autonomy-bootcamp-2023\autonomy-bootcamp-2025-p2\modules\heartbeat\heartbeat_receiver.py | run | 70] Missed Heartbeat (1)
20:59:49: [DEBUG] [C:\Users\Daniel Kwan\autonomy-bootcamp-2023\autonomy-bootcamp-2025-p2\modules\heartbeat\heartbeat_receiver_worker.py | heartbeat_receiver_worker | 68] Status: Connected
20:59:49: [DEBUG] [C:\Users\Daniel Kwan\autonomy-bootcamp-2023\autonomy-bootcamp-2025-p2\modules\heartbeat\heartbeat_receiver.py | run | 61] Heartbeat Received
20:59:49: [DEBUG] [C:\Users\Daniel Kwan\autonomy-bootcamp-2023\autonomy-bootcamp-2025-p2\modules\heartbeat\heartbeat_receiver_worker.py | heartbeat_receiver_worker | 68] Status: Connected
20:59:50: [DEBUG] [C:\Users\Daniel Kwan\autonomy-bootcamp-2023\autonomy-bootcamp-2025-p2\modules\heartbeat\heartbeat_receiver.py | run | 61] Heartbeat Received
20:59:50: [DEBUG] [C:\Users\Daniel Kwan\autonomy-bootcamp-2023\autonomy-bootcamp-2025-p2\modules\heartbeat\heartbeat_receiver_worker.py | heartbeat_receiver_worker | 68] Status: Connected
20:59:51: [WARNING] [C:\Users\Daniel Kwan\autonomy-bootcamp-2023\autonomy-bootcamp-2025-p2\modules\heartbeat\heartbeat_receiver.py | run | 70] Missed Heartbeat (1)
20:59:51: [DEBUG] [C:\Users\Daniel Kwan\autonomy-bootcamp-2023\autonomy-bootcamp-2025-p2\modules\heartbeat\heartbeat_receiver_worker.py | heartbeat_receiver_worker | 68] Status: Connected
20:59:51: [DEBUG] [C:\Users\Daniel Kwan\autonomy-bootcamp-2023\autonomy-bootcamp-2025-p2\modules\heartbeat\heartbeat_receiver.py | run | 61] Heartbeat Received
20:59:51: [DEBUG] [C:\Users\Daniel Kwan\autonomy-bootcamp-2023\autonomy-bootcamp-2025-p2\modules\heartbeat\heartbeat_receiver_worker.py | heartbeat_receiver_worker | 68] Status: Connected
20:59:52: [WARNING] [C:\Users\Daniel Kwan\autonomy-bootcamp-2023\autonomy-bootcamp-2025-p2\modules\heartbeat\heartbeat_receiver.py | run | 70] Missed Heartbeat (1)
20:59:52: [DEBUG] [C:\Users\Daniel Kwan\autonomy-bootcamp-2023\autonomy-bootcamp-2025-p2\modules\heartbeat\heartbeat_receiver_worker.py | heartbeat_receiver_worker | 68] Status: Connected
20:59:53: [WARNING] [C:\Users\Daniel Kwan\autonomy-bootcamp-2023\autonomy-bootcamp-2025-p2\modules\heartbeat\heartbeat_receiver.py | run | 70] Missed Heartbeat (2)
20:59:53: [DEBUG] [C:\Users\Daniel Kwan\autonomy-bootcamp-2023\autonomy-bootcamp-2025-p2\modules\heartbeat\heartbeat_receiver_worker.py | heartbeat_receiver_worker | 68] Status: Connected
20:59:54: [WARNING] [C:\Users\Daniel Kwan\autonomy-bootcamp-2023\autonomy-bootcamp-2025-p2\modules\heartbeat\heartbeat_receiver.py | run | 70] Missed Heartbeat (3)
20:59:54: [DEBUG] [C:\Users\Daniel Kwan\autonomy-bootcamp-2023\autonomy-bootcamp-2025-p2\modules\heartbeat\heartbeat_receiver_worker.py | heartbeat_receiver_worker | 68] Status: Connected
20:59:55: [WARNING] [C:\Users\Daniel Kwan\autonomy-bootcamp-2023\autonomy-bootcamp-2025-p2\modules\heartbeat\heartbeat_receiver.py | run | 70] Missed Heartbeat (4)
20:59:55: [DEBUG] [C:\Users\Daniel Kwan\autonomy-bootcamp-2023\autonomy-bootcamp-2025-p2\modules\heartbeat\heartbeat_receiver_worker.py | heartbeat_receiver_worker | 68] Status: Connected
20:59:56: [WARNING] [C:\Users\Daniel Kwan\autonomy-bootcamp-2023\autonomy-bootcamp-2025-p2\modules\heartbeat\heartbeat_receiver.py | run | 70] Missed Heartbeat (5)
20:59:56: [ERROR] [C:\Users\Daniel Kwan\autonomy-bootcamp-2023\autonomy-bootcamp-2025-p2\modules\heartbeat\heartbeat_receiver.py | run | 75] Disconnected from Drone
20:59:56: [DEBUG] [C:\Users\Daniel Kwan\autonomy-bootcamp-2023\autonomy-bootcamp-2025-p2\modules\heartbeat\heartbeat_receiver_worker.py | heartbeat_receiver_worker | 68] Status: Disconnected
20:59:57: [WARNING] [C:\Users\Daniel Kwan\autonomy-bootcamp-2023\autonomy-bootcamp-2025-p2\modules\heartbeat\heartbeat_receiver.py | run | 70] Missed Heartbeat (6)
20:59:57: [DEBUG] [C:\Users\Daniel Kwan\autonomy-bootcamp-2023\autonomy-bootcamp-2025-p2\modules\heartbeat\heartbeat_receiver_worker.py | heartbeat_receiver_worker | 68] Status: Disconnected
20:59:58: [WARNING] [C:\Users\Daniel Kwan\autonomy-bootcamp-2023\autonomy-bootcamp-2025-p2\modules\heartbeat\heartbeat_receiver.py | run | 70] Missed Heartbeat (7)
20:59:58: [DEBUG] [C:\Users\Daniel Kwan\autonomy-bootcamp-2023\autonomy-bootcamp-2025-p2\modules\heartbeat\heartbeat_receiver_worker.py | heartbeat_receiver_worker | 68] Status: Disconnected
20:59:59: [WARNING] [C:\Users\Daniel Kwan\autonomy-bootcamp-2023\autonomy-bootcamp-2025-p2\modules\heartbeat\heartbeat_receiver.py | run | 70] Missed Heartbeat (8)
20:59:59: [DEBUG] [C:\Users\Daniel Kwan\autonomy-bootcamp-2023\autonomy-bootcamp-2025-p2\modules\heartbeat\heartbeat_receiver_worker.py | heartbeat_receiver_worker | 68] Status: Disconnected
21:00:00: [DEBUG] [C:\Users\Daniel Kwan\autonomy-bootcamp-2023\autonomy-bootcamp-2025-p2\modules\heartbeat\heartbeat_receiver.py | run | 61] Heartbeat Received
21:00:00: [INFO] [C:\Users\Daniel Kwan\autonomy-bootcamp-2023\autonomy-bootcamp-2025-p2\modules\heartbeat\heartbeat_receiver.py | run | 67] Connected to Drone
21:00:00: [DEBUG] [C:\Users\Daniel Kwan\autonomy-bootcamp-2023\autonomy-bootcamp-2025-p2\modules\heartbeat\heartbeat_receiver_worker.py | heartbeat_receiver_worker | 68] Status: Connected
21:00:01: [WARNING] [C:\Users\Daniel Kwan\autonomy-bootcamp-2023\autonomy-bootcamp-2025-p2\modules\heartbeat\heartbeat_receiver.py | run | 70] Missed Heartbeat (1)
21:00:01: [DEBUG] [C:\Users\Daniel Kwan\autonomy-bootcamp-2023\autonomy-bootcamp-2025-p2\modules\heartbeat\heartbeat_receiver_worker.py | heartbeat_receiver_worker | 68] Status: Connected
21:00:01: [DEBUG] [C:\Users\Daniel Kwan\autonomy-bootcamp-2023\autonomy-bootcamp-2025-p2\modules\heartbeat\heartbeat_receiver.py | run | 61] Heartbeat Received
21:00:01: [DEBUG] [C:\Users\Daniel Kwan\autonomy-bootcamp-2023\autonomy-bootcamp-2025-p2\modules\heartbeat\heartbeat_receiver_worker.py | heartbeat_receiver_worker | 68] Status: Connected
21:00:02: [DEBUG] [C:\Users\Daniel Kwan\autonomy-bootcamp-2023\autonomy-bootcamp-2025-p2\modules\heartbeat\heartbeat_receiver.py | run | 61] Heartbeat Received
21:00:02: [DEBUG] [C:\Users\Daniel Kwan\autonomy-bootcamp-2023\autonomy-bootcamp-2025-p2\modules\heartbeat\heartbeat_receiver_worker.py | heartbeat_receiver_worker | 68] Status: Connected
21:00:03: [DEBUG] [C:\Users\Daniel Kwan\autonomy-bootcamp-2023\autonomy-bootcamp-2025-p2\modules\heartbeat\heartbeat_receiver.py | run | 61] Heartbeat Received
21:00:03: [DEBUG] [C:\Users\Daniel Kwan\autonomy-bootcamp-2023\autonomy-bootcamp-2025-p2\modules\heartbeat\heartbeat_receiver_worker.py | heartbeat_receiver_worker | 68] Status: Connected
21:00:04: [DEBUG] [C:\Users\Daniel Kwan\autonomy-bootcamp-2023\autonomy-bootcamp-2025-p2\modules\heartbeat\heartbeat_receiver.py | run | 61] Heartbeat Received
21:00:04: [DEBUG] [C:\Users\Daniel Kwan\autonomy-bootcamp-2023\autonomy-bootcamp-2025-p2\modules\heartbeat\heartbeat_receiver_worker.py | heartbeat_receiver_worker | 68] Status: Connected
21:00:05: [WARNING] [C:\Users\Daniel Kwan\autonomy-bootcamp-2023\autonomy-bootcamp-2025-p2\modules\heartbeat\heartbeat_receiver.py | run | 70] Missed Heartbeat (1)
21:00:05: [DEBUG] [C:\Users\Daniel Kwan\autonomy-bootcamp-2023\autonomy-bootcamp-2025-p2\modules\heartbeat\heartbeat_receiver_worker.py | heartbeat_receiver_worker | 68] Status: Connected
21:00:06: [DEBUG] [C:\Users\Daniel Kwan\autonomy-bootcamp-2023\autonomy-bootcamp-2025-p2\modules\heartbeat\heartbeat_receiver.py | run | 61] Heartbeat Received
21:00:06: [DEBUG] [C:\Users\Daniel Kwan\autonomy-bootcamp-2023\autonomy-bootcamp-2025-p2\modules\heartbeat\heartbeat_receiver_worker.py | heartbeat_receiver_worker | 68] Status: Connected
21:00:07: [WARNING] [C:\Users\Daniel Kwan\autonomy-bootcamp-2023\autonomy-bootcamp-2025-p2\modules\heartbeat\heartbeat_receiver.py | run | 70] Missed Heartbeat (1)
21:00:07: [DEBUG] [C:\Users\Daniel Kwan\autonomy-bootcamp-2023\autonomy-bootcamp-2025-p2\modules\heartbeat\heartbeat_receiver_worker.py | heartbeat_receiver_worker | 68] Status: Connected
21:00:08: [WARNING] [C:\Users\Daniel Kwan\autonomy-bootcamp-2023\autonomy-bootcamp-2025-p2\modules\heartbeat\heartbeat_receiver.py | run | 70] Missed Heartbeat (2)
21:00:08: [DEBUG] [C:\Users\Daniel Kwan\autonomy-bootcamp-2023\autonomy-bootcamp-2025-p2\modules\heartbeat\heartbeat_receiver_worker.py | heartbeat_receiver_worker | 68] Status: Connected
21:00:08: [INFO] [C:\Users\Daniel Kwan\autonomy-bootcamp-2023\autonomy-bootcamp-2025-p2\modules\heartbeat\heartbeat_receiver_worker.py | heartbeat_receiver_worker | 70] Heartbeat receiver worker exiting
