15:20:25: [INFO] [C:\Users\Daniel Kwan\autonomy-bootcamp-2023\autonomy-bootcamp-2025-p2\modules\common\modules\logger\logger_main_setup.py | setup_main_logger | 62] main logger initialized
15:20:26: [INFO] [C:\Users\Daniel Kwan\autonomy-bootcamp-2023\autonomy-bootcamp-2025-p2\tests\integration\test_telemetry.py | main | 114] Connected!
15:20:26: [INFO] [C:\Users\Daniel Kwan\autonomy-bootcamp-2023\autonomy-bootcamp-2025-p2\tests\integration\test_telemetry.py | read_queue | 73] Worker output: {
            time_since_boot: 0,
            x: 0.0,
            y: 0.0,
            z: 0.0,
            x_velocity: 1.0,
            y_velocity: 0.0,
            z_velocity: 0.0,
            roll: 0.0,
            pitch: 0.0,
            yaw: 0.0,
            roll_speed: 0.0,
            pitch_speed: 0.0,
            yaw_speed: 3.1415927410125732
        }
15:20:26: [INFO] [C:\Users\Daniel Kwan\autonomy-bootcamp-2023\autonomy-bootcamp-2025-p2\tests\integration\test_telemetry.py | read_queue | 73] Worker output: {
            time_since_boot: 510,
            x: 0.5,
            y: 0.0,
            z: 0.0,
            x_velocity: 1.0,
            y_velocity: 0.0,
            z_velocity: 0.0,
            roll: 0.0,
            pitch: 0.0,
            yaw: 1.0471975803375244,
            roll_speed: 0.0,
            pitch_speed: 0.0,
            yaw_speed: 3.1415927410125732
        }
15:20:27: [INFO] [C:\Users\Daniel Kwan\autonomy-bootcamp-2023\autonomy-bootcamp-2025-p2\tests\integration\test_telemetry.py | read_queue | 73] Worker output: {
            time_since_boot: 1000,
            x: 1.0,
            y: 0.0,
            z: 0.0,
            x_velocity: 1.0,
            y_velocity: 0.0,
            z_velocity: 0.0,
            roll: 0.0,
            pitch: 0.0,
            yaw: 2.094395160675049,
            roll_speed: 0.0,
            pitch_speed: 0.0,
            yaw_speed: 3.1415927410125732
        }
15:20:27: [INFO] [C:\Users\Daniel Kwan\autonomy-bootcamp-2023\autonomy-bootcamp-2025-p2\tests\integration\test_telemetry.py | read_queue | 73] Worker output: {
            time_since_boot: 1501,
            x: 1.5,
            y: 0.0,
            z: 0.0,
            x_velocity: 1.0,
            y_velocity: 0.0,
            z_velocity: 0.0,
            roll: 0.0,
            pitch: 0.0,
            yaw: -2.094395160675049,
            roll_speed: 0.0,
            pitch_speed: 0.0,
            yaw_speed: 3.1415927410125732
        }
15:20:28: [INFO] [C:\Users\Daniel Kwan\autonomy-bootcamp-2023\autonomy-bootcamp-2025-p2\tests\integration\test_telemetry.py | read_queue | 73] Worker output: {
            time_since_boot: 2000,
            x: 2.0,
            y: 0.0,
            z: 0.0,
            x_velocity: 1.0,
            y_velocity: 0.0,
            z_velocity: 0.0,
            roll: 0.0,
            pitch: 0.0,
            yaw: -1.0471975803375244,
            roll_speed: 0.0,
            pitch_speed: 0.0,
            yaw_speed: 3.1415927410125732
        }
15:20:28: [INFO] [C:\Users\Daniel Kwan\autonomy-bootcamp-2023\autonomy-bootcamp-2025-p2\tests\integration\test_telemetry.py | read_queue | 73] Worker output: {
            time_since_boot: 2502,
            x: 2.5,
            y: 0.0,
            z: 0.0,
            x_velocity: 1.0,
            y_velocity: 0.0,
            z_velocity: 0.0,
            roll: 0.0,
            pitch: 0.0,
            yaw: 1.0471975803375244,
            roll_speed: 0.0,
            pitch_speed: 0.0,
            yaw_speed: 3.1415927410125732
        }
15:20:29: [INFO] [C:\Users\Daniel Kwan\autonomy-bootcamp-2023\autonomy-bootcamp-2025-p2\tests\integration\test_telemetry.py | read_queue | 73] Worker output: {
            time_since_boot: 3000,
            x: 3.0,
            y: 0.0,
            z: 0.0,
            x_velocity: 1.0,
            y_velocity: 0.0,
            z_velocity: 0.0,
            roll: 0.0,
            pitch: 0.0,
            yaw: 2.094395160675049,
            roll_speed: 0.0,
            pitch_speed: 0.0,
            yaw_speed: 3.1415927410125732
        }
15:20:29: [INFO] [C:\Users\Daniel Kwan\autonomy-bootcamp-2023\autonomy-bootcamp-2025-p2\tests\integration\test_telemetry.py | read_queue | 73] Worker output: {
            time_since_boot: 3503,
            x: 3.5,
            y: 0.0,
            z: 0.0,
            x_velocity: 1.0,
            y_velocity: 0.0,
            z_velocity: 0.0,
            roll: 0.0,
            pitch: 0.0,
            yaw: -2.094395160675049,
            roll_speed: 0.0,
            pitch_speed: 0.0,
            yaw_speed: 3.1415927410125732
        }
15:20:30: [INFO] [C:\Users\Daniel Kwan\autonomy-bootcamp-2023\autonomy-bootcamp-2025-p2\tests\integration\test_telemetry.py | read_queue | 73] Worker output: {
            time_since_boot: 4000,
            x: 4.0,
            y: 0.0,
            z: 0.0,
            x_velocity: 1.0,
            y_velocity: 0.0,
            z_velocity: 0.0,
            roll: 0.0,
            pitch: 0.0,
            yaw: -1.0471975803375244,
            roll_speed: 0.0,
            pitch_speed: 0.0,
            yaw_speed: 3.1415927410125732
        }
15:20:30: [INFO] [C:\Users\Daniel Kwan\autonomy-bootcamp-2023\autonomy-bootcamp-2025-p2\tests\integration\test_telemetry.py | read_queue | 73] Worker output: {
            time_since_boot: 4502,
            x: 4.5,
            y: 0.0,
            z: 0.0,
            x_velocity: 1.0,
            y_velocity: 0.0,
            z_velocity: 0.0,
            roll: 0.0,
            pitch: 0.0,
            yaw: 1.0471975803375244,
            roll_speed: 0.0,
            pitch_speed: 0.0,
            yaw_speed: 3.1415927410125732
        }
15:20:34: [INFO] [C:\Users\Daniel Kwan\autonomy-bootcamp-2023\autonomy-bootcamp-2025-p2\tests\integration\test_telemetry.py | read_queue | 73] Worker output: {
            time_since_boot: 0,
            x: 0.0,
            y: 0.0,
            z: 0.0,
            x_velocity: 1.0,
            y_velocity: 0.0,
            z_velocity: 0.0,
            roll: 0.0,
            pitch: 0.0,
            yaw: 0.0,
            roll_speed: 0.0,
            pitch_speed: 0.0,
            yaw_speed: 3.1415927410125732
        }
15:20:34: [INFO] [C:\Users\Daniel Kwan\autonomy-bootcamp-2023\autonomy-bootcamp-2025-p2\tests\integration\test_telemetry.py | read_queue | 73] Worker output: {
            time_since_boot: 667,
            x: 0.6666666865348816,
            y: 0.0,
            z: 0.0,
            x_velocity: 1.0,
            y_velocity: 0.0,
            z_velocity: 0.0,
            roll: 0.0,
            pitch: 0.0,
            yaw: 1.5707963705062866,
            roll_speed: 0.0,
            pitch_speed: 0.0,
            yaw_speed: 3.1415927410125732
        }
15:20:35: [INFO] [C:\Users\Daniel Kwan\autonomy-bootcamp-2023\autonomy-bootcamp-2025-p2\tests\integration\test_telemetry.py | read_queue | 73] Worker output: {
            time_since_boot: 1000,
            x: 1.0,
            y: 0.0,
            z: 0.0,
            x_velocity: 1.0,
            y_velocity: 0.0,
            z_velocity: 0.0,
            roll: 0.0,
            pitch: 0.0,
            yaw: 3.1415927410125732,
            roll_speed: 0.0,
            pitch_speed: 0.0,
            yaw_speed: 3.1415927410125732
        }
15:20:35: [INFO] [C:\Users\Daniel Kwan\autonomy-bootcamp-2023\autonomy-bootcamp-2025-p2\tests\integration\test_telemetry.py | read_queue | 73] Worker output: {
            time_since_boot: 1666,
            x: 1.6666666269302368,
            y: 0.0,
            z: 0.0,
            x_velocity: 1.0,
            y_velocity: 0.0,
            z_velocity: 0.0,
            roll: 0.0,
            pitch: 0.0,
            yaw: -1.5707963705062866,
            roll_speed: 0.0,
            pitch_speed: 0.0,
            yaw_speed: 3.1415927410125732
        }
15:20:36: [INFO] [C:\Users\Daniel Kwan\autonomy-bootcamp-2023\autonomy-bootcamp-2025-p2\tests\integration\test_telemetry.py | read_queue | 73] Worker output: {
            time_since_boot: 2000,
            x: 2.0,
            y: 0.0,
            z: 0.0,
            x_velocity: 1.0,
            y_velocity: 0.0,
            z_velocity: 0.0,
            roll: 0.0,
            pitch: 0.0,
            yaw: 0.0,
            roll_speed: 0.0,
            pitch_speed: 0.0,
            yaw_speed: 3.1415927410125732
        }
15:20:36: [INFO] [C:\Users\Daniel Kwan\autonomy-bootcamp-2023\autonomy-bootcamp-2025-p2\tests\integration\test_telemetry.py | read_queue | 73] Worker output: {
            time_since_boot: 2667,
            x: 2.6666667461395264,
            y: 0.0,
            z: 0.0,
            x_velocity: 1.0,
            y_velocity: 0.0,
            z_velocity: 0.0,
            roll: 0.0,
            pitch: 0.0,
            yaw: 1.5707963705062866,
            roll_speed: 0.0,
            pitch_speed: 0.0,
            yaw_speed: 3.1415927410125732
        }
15:20:37: [INFO] [C:\Users\Daniel Kwan\autonomy-bootcamp-2023\autonomy-bootcamp-2025-p2\tests\integration\test_telemetry.py | read_queue | 73] Worker output: {
            time_since_boot: 3000,
            x: 3.0,
            y: 0.0,
            z: 0.0,
            x_velocity: 1.0,
            y_velocity: 0.0,
            z_velocity: 0.0,
            roll: 0.0,
            pitch: 0.0,
            yaw: 3.1415927410125732,
            roll_speed: 0.0,
            pitch_speed: 0.0,
            yaw_speed: 3.1415927410125732
        }
15:20:37: [INFO] [C:\Users\Daniel Kwan\autonomy-bootcamp-2023\autonomy-bootcamp-2025-p2\tests\integration\test_telemetry.py | read_queue | 73] Worker output: {
            time_since_boot: 3667,
            x: 3.6666667461395264,
            y: 0.0,
            z: 0.0,
            x_velocity: 1.0,
            y_velocity: 0.0,
            z_velocity: 0.0,
            roll: 0.0,
            pitch: 0.0,
            yaw: -1.5707963705062866,
            roll_speed: 0.0,
            pitch_speed: 0.0,
            yaw_speed: 3.1415927410125732
        }
15:20:38: [INFO] [C:\Users\Daniel Kwan\autonomy-bootcamp-2023\autonomy-bootcamp-2025-p2\tests\integration\test_telemetry.py | read_queue | 73] Worker output: {
            time_since_boot: 4000,
            x: 4.0,
            y: 0.0,
            z: 0.0,
            x_velocity: 1.0,
            y_velocity: 0.0,
            z_velocity: 0.0,
            roll: 0.0,
            pitch: 0.0,
            yaw: 0.0,
            roll_speed: 0.0,
            pitch_speed: 0.0,
            yaw_speed: 3.1415927410125732
        }
15:20:38: [INFO] [C:\Users\Daniel Kwan\autonomy-bootcamp-2023\autonomy-bootcamp-2025-p2\tests\integration\test_telemetry.py | read_queue | 73] Worker output: {
            time_since_boot: 4668,
            x: 4.666666507720947,
            y: 0.0,
            z: 0.0,
            x_velocity: 1.0,
            y_velocity: 0.0,
            z_velocity: 0.0,
            roll: 0.0,
            pitch: 0.0,
            yaw: 1.5707963705062866,
            roll_speed: 0.0,
            pitch_speed: 0.0,
            yaw_speed: 3.1415927410125732
        }
