15:20:26: [INFO] [C:\Users\Daniel Kwan\autonomy-bootcamp-2023\autonomy-bootcamp-2025-p2\modules\telemetry\telemetry_worker.py | telemetry_worker | 46] Logger initialized
15:20:26: [DEBUG] [C:\Users\Daniel Kwan\autonomy-bootcamp-2023\autonomy-bootcamp-2025-p2\modules\telemetry\telemetry.py | run | 128] Received ATTITUDE message
15:20:26: [DEBUG] [C:\Users\Daniel Kwan\autonomy-bootcamp-2023\autonomy-bootcamp-2025-p2\modules\telemetry\telemetry.py | run | 137] Received LOCAL_POSITION_NED message
15:20:26: [DEBUG] [C:\Users\Daniel Kwan\autonomy-bootcamp-2023\autonomy-bootcamp-2025-p2\modules\telemetry\telemetry.py | run | 162] Telemetry Data: {
            time_since_boot: 0,
            x: 0.0,
            y: 0.0,
            z: 0.0,
            x_velocity: 1.0,
            y_velocity: 0.0,
            z_velocity: 0.0,
            roll: 0.0,
            pitch: 0.0,
            yaw: 0.0,
            roll_speed: 0.0,
            pitch_speed: 0.0,
            yaw_speed: 3.1415927410125732
        }
15:20:26: [DEBUG] [C:\Users\Daniel Kwan\autonomy-bootcamp-2023\autonomy-bootcamp-2025-p2\modules\telemetry\telemetry_worker.py | telemetry_worker | 71] Sent telemetry data to queue
15:20:26: [DEBUG] [C:\Users\Daniel Kwan\autonomy-bootcamp-2023\autonomy-bootcamp-2025-p2\modules\telemetry\telemetry.py | run | 128] Received ATTITUDE message
15:20:26: [DEBUG] [C:\Users\Daniel Kwan\autonomy-bootcamp-2023\autonomy-bootcamp-2025-p2\modules\telemetry\telemetry.py | run | 137] Received LOCAL_POSITION_NED message
15:20:26: [DEBUG] [C:\Users\Daniel Kwan\autonomy-bootcamp-2023\autonomy-bootcamp-2025-p2\modules\telemetry\telemetry.py | run | 162] Telemetry Data: {
            time_since_boot: 510,
            x: 0.5,
            y: 0.0,
            z: 0.0,
            x_velocity: 1.0,
            y_velocity: 0.0,
            z_velocity: 0.0,
            roll: 0.0,
            pitch: 0.0,
            yaw: 1.0471975803375244,
            roll_speed: 0.0,
            pitch_speed: 0.0,
            yaw_speed: 3.1415927410125732
        }
15:20:26: [DEBUG] [C:\Users\Daniel Kwan\autonomy-bootcamp-2023\autonomy-bootcamp-2025-p2\modules\telemetry\telemetry_worker.py | telemetry_worker | 71] Sent telemetry data to queue
15:20:26: [DEBUG] [C:\Users\Daniel Kwan\autonomy-bootcamp-2023\autonomy-bootcamp-2025-p2\modules\telemetry\telemetry.py | run | 128] Received ATTITUDE message
15:20:27: [DEBUG] [C:\Users\Daniel Kwan\autonomy-bootcamp-2023\autonomy-bootcamp-2025-p2\modules\telemetry\telemetry.py | run | 137] Received LOCAL_POSITION_NED message
15:20:27: [DEBUG] [C:\Users\Daniel Kwan\autonomy-bootcamp-2023\autonomy-bootcamp-2025-p2\modules\telemetry\telemetry.py | run | 162] Telemetry Data: {
            time_since_boot: 1000,
            x: 1.0,
            y: 0.0,
            z: 0.0,
            x_velocity: 1.0,
            y_velocity: 0.0,
            z_velocity: 0.0,
            roll: 0.0,
            pitch: 0.0,
            yaw: 2.094395160675049,
            roll_speed: 0.0,
            pitch_speed: 0.0,
            yaw_speed: 3.1415927410125732
        }
15:20:27: [DEBUG] [C:\Users\Daniel Kwan\autonomy-bootcamp-2023\autonomy-bootcamp-2025-p2\modules\telemetry\telemetry_worker.py | telemetry_worker | 71] Sent telemetry data to queue
15:20:27: [DEBUG] [C:\Users\Daniel Kwan\autonomy-bootcamp-2023\autonomy-bootcamp-2025-p2\modules\telemetry\telemetry.py | run | 128] Received ATTITUDE message
15:20:27: [DEBUG] [C:\Users\Daniel Kwan\autonomy-bootcamp-2023\autonomy-bootcamp-2025-p2\modules\telemetry\telemetry.py | run | 137] Received LOCAL_POSITION_NED message
15:20:27: [DEBUG] [C:\Users\Daniel Kwan\autonomy-bootcamp-2023\autonomy-bootcamp-2025-p2\modules\telemetry\telemetry.py | run | 162] Telemetry Data: {
            time_since_boot: 1501,
            x: 1.5,
            y: 0.0,
            z: 0.0,
            x_velocity: 1.0,
            y_velocity: 0.0,
            z_velocity: 0.0,
            roll: 0.0,
            pitch: 0.0,
            yaw: -2.094395160675049,
            roll_speed: 0.0,
            pitch_speed: 0.0,
            yaw_speed: 3.1415927410125732
        }
15:20:27: [DEBUG] [C:\Users\Daniel Kwan\autonomy-bootcamp-2023\autonomy-bootcamp-2025-p2\modules\telemetry\telemetry_worker.py | telemetry_worker | 71] Sent telemetry data to queue
15:20:27: [DEBUG] [C:\Users\Daniel Kwan\autonomy-bootcamp-2023\autonomy-bootcamp-2025-p2\modules\telemetry\telemetry.py | run | 128] Received ATTITUDE message
15:20:28: [DEBUG] [C:\Users\Daniel Kwan\autonomy-bootcamp-2023\autonomy-bootcamp-2025-p2\modules\telemetry\telemetry.py | run | 137] Received LOCAL_POSITION_NED message
15:20:28: [DEBUG] [C:\Users\Daniel Kwan\autonomy-bootcamp-2023\autonomy-bootcamp-2025-p2\modules\telemetry\telemetry.py | run | 162] Telemetry Data: {
            time_since_boot: 2000,
            x: 2.0,
            y: 0.0,
            z: 0.0,
            x_velocity: 1.0,
            y_velocity: 0.0,
            z_velocity: 0.0,
            roll: 0.0,
            pitch: 0.0,
            yaw: -1.0471975803375244,
            roll_speed: 0.0,
            pitch_speed: 0.0,
            yaw_speed: 3.1415927410125732
        }
15:20:28: [DEBUG] [C:\Users\Daniel Kwan\autonomy-bootcamp-2023\autonomy-bootcamp-2025-p2\modules\telemetry\telemetry_worker.py | telemetry_worker | 71] Sent telemetry data to queue
15:20:28: [DEBUG] [C:\Users\Daniel Kwan\autonomy-bootcamp-2023\autonomy-bootcamp-2025-p2\modules\telemetry\telemetry.py | run | 128] Received ATTITUDE message
15:20:28: [DEBUG] [C:\Users\Daniel Kwan\autonomy-bootcamp-2023\autonomy-bootcamp-2025-p2\modules\telemetry\telemetry.py | run | 137] Received LOCAL_POSITION_NED message
15:20:28: [DEBUG] [C:\Users\Daniel Kwan\autonomy-bootcamp-2023\autonomy-bootcamp-2025-p2\modules\telemetry\telemetry.py | run | 162] Telemetry Data: {
            time_since_boot: 2502,
            x: 2.5,
            y: 0.0,
            z: 0.0,
            x_velocity: 1.0,
            y_velocity: 0.0,
            z_velocity: 0.0,
            roll: 0.0,
            pitch: 0.0,
            yaw: 1.0471975803375244,
            roll_speed: 0.0,
            pitch_speed: 0.0,
            yaw_speed: 3.1415927410125732
        }
15:20:28: [DEBUG] [C:\Users\Daniel Kwan\autonomy-bootcamp-2023\autonomy-bootcamp-2025-p2\modules\telemetry\telemetry_worker.py | telemetry_worker | 71] Sent telemetry data to queue
15:20:28: [DEBUG] [C:\Users\Daniel Kwan\autonomy-bootcamp-2023\autonomy-bootcamp-2025-p2\modules\telemetry\telemetry.py | run | 128] Received ATTITUDE message
15:20:29: [DEBUG] [C:\Users\Daniel Kwan\autonomy-bootcamp-2023\autonomy-bootcamp-2025-p2\modules\telemetry\telemetry.py | run | 137] Received LOCAL_POSITION_NED message
15:20:29: [DEBUG] [C:\Users\Daniel Kwan\autonomy-bootcamp-2023\autonomy-bootcamp-2025-p2\modules\telemetry\telemetry.py | run | 162] Telemetry Data: {
            time_since_boot: 3000,
            x: 3.0,
            y: 0.0,
            z: 0.0,
            x_velocity: 1.0,
            y_velocity: 0.0,
            z_velocity: 0.0,
            roll: 0.0,
            pitch: 0.0,
            yaw: 2.094395160675049,
            roll_speed: 0.0,
            pitch_speed: 0.0,
            yaw_speed: 3.1415927410125732
        }
15:20:29: [DEBUG] [C:\Users\Daniel Kwan\autonomy-bootcamp-2023\autonomy-bootcamp-2025-p2\modules\telemetry\telemetry_worker.py | telemetry_worker | 71] Sent telemetry data to queue
15:20:29: [DEBUG] [C:\Users\Daniel Kwan\autonomy-bootcamp-2023\autonomy-bootcamp-2025-p2\modules\telemetry\telemetry.py | run | 128] Received ATTITUDE message
15:20:29: [DEBUG] [C:\Users\Daniel Kwan\autonomy-bootcamp-2023\autonomy-bootcamp-2025-p2\modules\telemetry\telemetry.py | run | 137] Received LOCAL_POSITION_NED message
15:20:29: [DEBUG] [C:\Users\Daniel Kwan\autonomy-bootcamp-2023\autonomy-bootcamp-2025-p2\modules\telemetry\telemetry.py | run | 162] Telemetry Data: {
            time_since_boot: 3503,
            x: 3.5,
            y: 0.0,
            z: 0.0,
            x_velocity: 1.0,
            y_velocity: 0.0,
            z_velocity: 0.0,
            roll: 0.0,
            pitch: 0.0,
            yaw: -2.094395160675049,
            roll_speed: 0.0,
            pitch_speed: 0.0,
            yaw_speed: 3.1415927410125732
        }
15:20:29: [DEBUG] [C:\Users\Daniel Kwan\autonomy-bootcamp-2023\autonomy-bootcamp-2025-p2\modules\telemetry\telemetry_worker.py | telemetry_worker | 71] Sent telemetry data to queue
15:20:29: [DEBUG] [C:\Users\Daniel Kwan\autonomy-bootcamp-2023\autonomy-bootcamp-2025-p2\modules\telemetry\telemetry.py | run | 128] Received ATTITUDE message
15:20:30: [DEBUG] [C:\Users\Daniel Kwan\autonomy-bootcamp-2023\autonomy-bootcamp-2025-p2\modules\telemetry\telemetry.py | run | 137] Received LOCAL_POSITION_NED message
15:20:30: [DEBUG] [C:\Users\Daniel Kwan\autonomy-bootcamp-2023\autonomy-bootcamp-2025-p2\modules\telemetry\telemetry.py | run | 162] Telemetry Data: {
            time_since_boot: 4000,
            x: 4.0,
            y: 0.0,
            z: 0.0,
            x_velocity: 1.0,
            y_velocity: 0.0,
            z_velocity: 0.0,
            roll: 0.0,
            pitch: 0.0,
            yaw: -1.0471975803375244,
            roll_speed: 0.0,
            pitch_speed: 0.0,
            yaw_speed: 3.1415927410125732
        }
15:20:30: [DEBUG] [C:\Users\Daniel Kwan\autonomy-bootcamp-2023\autonomy-bootcamp-2025-p2\modules\telemetry\telemetry_worker.py | telemetry_worker | 71] Sent telemetry data to queue
15:20:30: [DEBUG] [C:\Users\Daniel Kwan\autonomy-bootcamp-2023\autonomy-bootcamp-2025-p2\modules\telemetry\telemetry.py | run | 128] Received ATTITUDE message
15:20:30: [DEBUG] [C:\Users\Daniel Kwan\autonomy-bootcamp-2023\autonomy-bootcamp-2025-p2\modules\telemetry\telemetry.py | run | 137] Received LOCAL_POSITION_NED message
15:20:30: [DEBUG] [C:\Users\Daniel Kwan\autonomy-bootcamp-2023\autonomy-bootcamp-2025-p2\modules\telemetry\telemetry.py | run | 162] Telemetry Data: {
            time_since_boot: 4502,
            x: 4.5,
            y: 0.0,
            z: 0.0,
            x_velocity: 1.0,
            y_velocity: 0.0,
            z_velocity: 0.0,
            roll: 0.0,
            pitch: 0.0,
            yaw: 1.0471975803375244,
            roll_speed: 0.0,
            pitch_speed: 0.0,
            yaw_speed: 3.1415927410125732
        }
15:20:30: [DEBUG] [C:\Users\Daniel Kwan\autonomy-bootcamp-2023\autonomy-bootcamp-2025-p2\modules\telemetry\telemetry_worker.py | telemetry_worker | 71] Sent telemetry data to queue
15:20:30: [DEBUG] [C:\Users\Daniel Kwan\autonomy-bootcamp-2023\autonomy-bootcamp-2025-p2\modules\telemetry\telemetry.py | run | 128] Received ATTITUDE message
15:20:31: [ERROR] [C:\Users\Daniel Kwan\autonomy-bootcamp-2023\autonomy-bootcamp-2025-p2\modules\telemetry\telemetry.py | run | 117] Timeout waiting for telemtry messages
15:20:31: [ERROR] [C:\Users\Daniel Kwan\autonomy-bootcamp-2023\autonomy-bootcamp-2025-p2\modules\telemetry\telemetry_worker.py | telemetry_worker | 67] Failed to get telemetry data
15:20:32: [DEBUG] [C:\Users\Daniel Kwan\autonomy-bootcamp-2023\autonomy-bootcamp-2025-p2\modules\telemetry\telemetry.py | run | 128] Received ATTITUDE message
15:20:32: [ERROR] [C:\Users\Daniel Kwan\autonomy-bootcamp-2023\autonomy-bootcamp-2025-p2\modules\telemetry\telemetry.py | run | 117] Timeout waiting for telemtry messages
15:20:32: [ERROR] [C:\Users\Daniel Kwan\autonomy-bootcamp-2023\autonomy-bootcamp-2025-p2\modules\telemetry\telemetry_worker.py | telemetry_worker | 67] Failed to get telemetry data
15:20:34: [ERROR] [C:\Users\Daniel Kwan\autonomy-bootcamp-2023\autonomy-bootcamp-2025-p2\modules\telemetry\telemetry.py | run | 117] Timeout waiting for telemtry messages
15:20:34: [ERROR] [C:\Users\Daniel Kwan\autonomy-bootcamp-2023\autonomy-bootcamp-2025-p2\modules\telemetry\telemetry_worker.py | telemetry_worker | 67] Failed to get telemetry data
15:20:34: [DEBUG] [C:\Users\Daniel Kwan\autonomy-bootcamp-2023\autonomy-bootcamp-2025-p2\modules\telemetry\telemetry.py | run | 128] Received ATTITUDE message
15:20:34: [DEBUG] [C:\Users\Daniel Kwan\autonomy-bootcamp-2023\autonomy-bootcamp-2025-p2\modules\telemetry\telemetry.py | run | 137] Received LOCAL_POSITION_NED message
15:20:34: [DEBUG] [C:\Users\Daniel Kwan\autonomy-bootcamp-2023\autonomy-bootcamp-2025-p2\modules\telemetry\telemetry.py | run | 162] Telemetry Data: {
            time_since_boot: 0,
            x: 0.0,
            y: 0.0,
            z: 0.0,
            x_velocity: 1.0,
            y_velocity: 0.0,
            z_velocity: 0.0,
            roll: 0.0,
            pitch: 0.0,
            yaw: 0.0,
            roll_speed: 0.0,
            pitch_speed: 0.0,
            yaw_speed: 3.1415927410125732
        }
15:20:34: [DEBUG] [C:\Users\Daniel Kwan\autonomy-bootcamp-2023\autonomy-bootcamp-2025-p2\modules\telemetry\telemetry_worker.py | telemetry_worker | 71] Sent telemetry data to queue
15:20:34: [DEBUG] [C:\Users\Daniel Kwan\autonomy-bootcamp-2023\autonomy-bootcamp-2025-p2\modules\telemetry\telemetry.py | run | 128] Received ATTITUDE message
15:20:34: [DEBUG] [C:\Users\Daniel Kwan\autonomy-bootcamp-2023\autonomy-bootcamp-2025-p2\modules\telemetry\telemetry.py | run | 137] Received LOCAL_POSITION_NED message
15:20:34: [DEBUG] [C:\Users\Daniel Kwan\autonomy-bootcamp-2023\autonomy-bootcamp-2025-p2\modules\telemetry\telemetry.py | run | 162] Telemetry Data: {
            time_since_boot: 667,
            x: 0.6666666865348816,
            y: 0.0,
            z: 0.0,
            x_velocity: 1.0,
            y_velocity: 0.0,
            z_velocity: 0.0,
            roll: 0.0,
            pitch: 0.0,
            yaw: 1.5707963705062866,
            roll_speed: 0.0,
            pitch_speed: 0.0,
            yaw_speed: 3.1415927410125732
        }
15:20:34: [DEBUG] [C:\Users\Daniel Kwan\autonomy-bootcamp-2023\autonomy-bootcamp-2025-p2\modules\telemetry\telemetry_worker.py | telemetry_worker | 71] Sent telemetry data to queue
15:20:35: [DEBUG] [C:\Users\Daniel Kwan\autonomy-bootcamp-2023\autonomy-bootcamp-2025-p2\modules\telemetry\telemetry.py | run | 128] Received ATTITUDE message
15:20:35: [DEBUG] [C:\Users\Daniel Kwan\autonomy-bootcamp-2023\autonomy-bootcamp-2025-p2\modules\telemetry\telemetry.py | run | 137] Received LOCAL_POSITION_NED message
15:20:35: [DEBUG] [C:\Users\Daniel Kwan\autonomy-bootcamp-2023\autonomy-bootcamp-2025-p2\modules\telemetry\telemetry.py | run | 162] Telemetry Data: {
            time_since_boot: 1000,
            x: 1.0,
            y: 0.0,
            z: 0.0,
            x_velocity: 1.0,
            y_velocity: 0.0,
            z_velocity: 0.0,
            roll: 0.0,
            pitch: 0.0,
            yaw: 3.1415927410125732,
            roll_speed: 0.0,
            pitch_speed: 0.0,
            yaw_speed: 3.1415927410125732
        }
15:20:35: [DEBUG] [C:\Users\Daniel Kwan\autonomy-bootcamp-2023\autonomy-bootcamp-2025-p2\modules\telemetry\telemetry_worker.py | telemetry_worker | 71] Sent telemetry data to queue
15:20:35: [DEBUG] [C:\Users\Daniel Kwan\autonomy-bootcamp-2023\autonomy-bootcamp-2025-p2\modules\telemetry\telemetry.py | run | 128] Received ATTITUDE message
15:20:35: [DEBUG] [C:\Users\Daniel Kwan\autonomy-bootcamp-2023\autonomy-bootcamp-2025-p2\modules\telemetry\telemetry.py | run | 137] Received LOCAL_POSITION_NED message
15:20:35: [DEBUG] [C:\Users\Daniel Kwan\autonomy-bootcamp-2023\autonomy-bootcamp-2025-p2\modules\telemetry\telemetry.py | run | 162] Telemetry Data: {
            time_since_boot: 1666,
            x: 1.6666666269302368,
            y: 0.0,
            z: 0.0,
            x_velocity: 1.0,
            y_velocity: 0.0,
            z_velocity: 0.0,
            roll: 0.0,
            pitch: 0.0,
            yaw: -1.5707963705062866,
            roll_speed: 0.0,
            pitch_speed: 0.0,
            yaw_speed: 3.1415927410125732
        }
15:20:35: [DEBUG] [C:\Users\Daniel Kwan\autonomy-bootcamp-2023\autonomy-bootcamp-2025-p2\modules\telemetry\telemetry_worker.py | telemetry_worker | 71] Sent telemetry data to queue
15:20:36: [DEBUG] [C:\Users\Daniel Kwan\autonomy-bootcamp-2023\autonomy-bootcamp-2025-p2\modules\telemetry\telemetry.py | run | 128] Received ATTITUDE message
15:20:36: [DEBUG] [C:\Users\Daniel Kwan\autonomy-bootcamp-2023\autonomy-bootcamp-2025-p2\modules\telemetry\telemetry.py | run | 137] Received LOCAL_POSITION_NED message
15:20:36: [DEBUG] [C:\Users\Daniel Kwan\autonomy-bootcamp-2023\autonomy-bootcamp-2025-p2\modules\telemetry\telemetry.py | run | 162] Telemetry Data: {
            time_since_boot: 2000,
            x: 2.0,
            y: 0.0,
            z: 0.0,
            x_velocity: 1.0,
            y_velocity: 0.0,
            z_velocity: 0.0,
            roll: 0.0,
            pitch: 0.0,
            yaw: 0.0,
            roll_speed: 0.0,
            pitch_speed: 0.0,
            yaw_speed: 3.1415927410125732
        }
15:20:36: [DEBUG] [C:\Users\Daniel Kwan\autonomy-bootcamp-2023\autonomy-bootcamp-2025-p2\modules\telemetry\telemetry_worker.py | telemetry_worker | 71] Sent telemetry data to queue
15:20:36: [DEBUG] [C:\Users\Daniel Kwan\autonomy-bootcamp-2023\autonomy-bootcamp-2025-p2\modules\telemetry\telemetry.py | run | 128] Received ATTITUDE message
15:20:36: [DEBUG] [C:\Users\Daniel Kwan\autonomy-bootcamp-2023\autonomy-bootcamp-2025-p2\modules\telemetry\telemetry.py | run | 137] Received LOCAL_POSITION_NED message
15:20:36: [DEBUG] [C:\Users\Daniel Kwan\autonomy-bootcamp-2023\autonomy-bootcamp-2025-p2\modules\telemetry\telemetry.py | run | 162] Telemetry Data: {
            time_since_boot: 2667,
            x: 2.6666667461395264,
            y: 0.0,
            z: 0.0,
            x_velocity: 1.0,
            y_velocity: 0.0,
            z_velocity: 0.0,
            roll: 0.0,
            pitch: 0.0,
            yaw: 1.5707963705062866,
            roll_speed: 0.0,
            pitch_speed: 0.0,
            yaw_speed: 3.1415927410125732
        }
15:20:36: [DEBUG] [C:\Users\Daniel Kwan\autonomy-bootcamp-2023\autonomy-bootcamp-2025-p2\modules\telemetry\telemetry_worker.py | telemetry_worker | 71] Sent telemetry data to queue
15:20:37: [DEBUG] [C:\Users\Daniel Kwan\autonomy-bootcamp-2023\autonomy-bootcamp-2025-p2\modules\telemetry\telemetry.py | run | 128] Received ATTITUDE message
15:20:37: [DEBUG] [C:\Users\Daniel Kwan\autonomy-bootcamp-2023\autonomy-bootcamp-2025-p2\modules\telemetry\telemetry.py | run | 137] Received LOCAL_POSITION_NED message
15:20:37: [DEBUG] [C:\Users\Daniel Kwan\autonomy-bootcamp-2023\autonomy-bootcamp-2025-p2\modules\telemetry\telemetry.py | run | 162] Telemetry Data: {
            time_since_boot: 3000,
            x: 3.0,
            y: 0.0,
            z: 0.0,
            x_velocity: 1.0,
            y_velocity: 0.0,
            z_velocity: 0.0,
            roll: 0.0,
            pitch: 0.0,
            yaw: 3.1415927410125732,
            roll_speed: 0.0,
            pitch_speed: 0.0,
            yaw_speed: 3.1415927410125732
        }
15:20:37: [DEBUG] [C:\Users\Daniel Kwan\autonomy-bootcamp-2023\autonomy-bootcamp-2025-p2\modules\telemetry\telemetry_worker.py | telemetry_worker | 71] Sent telemetry data to queue
15:20:37: [DEBUG] [C:\Users\Daniel Kwan\autonomy-bootcamp-2023\autonomy-bootcamp-2025-p2\modules\telemetry\telemetry.py | run | 128] Received ATTITUDE message
15:20:37: [DEBUG] [C:\Users\Daniel Kwan\autonomy-bootcamp-2023\autonomy-bootcamp-2025-p2\modules\telemetry\telemetry.py | run | 137] Received LOCAL_POSITION_NED message
15:20:37: [DEBUG] [C:\Users\Daniel Kwan\autonomy-bootcamp-2023\autonomy-bootcamp-2025-p2\modules\telemetry\telemetry.py | run | 162] Telemetry Data: {
            time_since_boot: 3667,
            x: 3.6666667461395264,
            y: 0.0,
            z: 0.0,
            x_velocity: 1.0,
            y_velocity: 0.0,
            z_velocity: 0.0,
            roll: 0.0,
            pitch: 0.0,
            yaw: -1.5707963705062866,
            roll_speed: 0.0,
            pitch_speed: 0.0,
            yaw_speed: 3.1415927410125732
        }
15:20:37: [DEBUG] [C:\Users\Daniel Kwan\autonomy-bootcamp-2023\autonomy-bootcamp-2025-p2\modules\telemetry\telemetry_worker.py | telemetry_worker | 71] Sent telemetry data to queue
15:20:38: [DEBUG] [C:\Users\Daniel Kwan\autonomy-bootcamp-2023\autonomy-bootcamp-2025-p2\modules\telemetry\telemetry.py | run | 128] Received ATTITUDE message
15:20:38: [DEBUG] [C:\Users\Daniel Kwan\autonomy-bootcamp-2023\autonomy-bootcamp-2025-p2\modules\telemetry\telemetry.py | run | 137] Received LOCAL_POSITION_NED message
15:20:38: [DEBUG] [C:\Users\Daniel Kwan\autonomy-bootcamp-2023\autonomy-bootcamp-2025-p2\modules\telemetry\telemetry.py | run | 162] Telemetry Data: {
            time_since_boot: 4000,
            x: 4.0,
            y: 0.0,
            z: 0.0,
            x_velocity: 1.0,
            y_velocity: 0.0,
            z_velocity: 0.0,
            roll: 0.0,
            pitch: 0.0,
            yaw: 0.0,
            roll_speed: 0.0,
            pitch_speed: 0.0,
            yaw_speed: 3.1415927410125732
        }
15:20:38: [DEBUG] [C:\Users\Daniel Kwan\autonomy-bootcamp-2023\autonomy-bootcamp-2025-p2\modules\telemetry\telemetry_worker.py | telemetry_worker | 71] Sent telemetry data to queue
15:20:38: [DEBUG] [C:\Users\Daniel Kwan\autonomy-bootcamp-2023\autonomy-bootcamp-2025-p2\modules\telemetry\telemetry.py | run | 128] Received ATTITUDE message
15:20:38: [DEBUG] [C:\Users\Daniel Kwan\autonomy-bootcamp-2023\autonomy-bootcamp-2025-p2\modules\telemetry\telemetry.py | run | 137] Received LOCAL_POSITION_NED message
15:20:38: [DEBUG] [C:\Users\Daniel Kwan\autonomy-bootcamp-2023\autonomy-bootcamp-2025-p2\modules\telemetry\telemetry.py | run | 162] Telemetry Data: {
            time_since_boot: 4668,
            x: 4.666666507720947,
            y: 0.0,
            z: 0.0,
            x_velocity: 1.0,
            y_velocity: 0.0,
            z_velocity: 0.0,
            roll: 0.0,
            pitch: 0.0,
            yaw: 1.5707963705062866,
            roll_speed: 0.0,
            pitch_speed: 0.0,
            yaw_speed: 3.1415927410125732
        }
15:20:38: [DEBUG] [C:\Users\Daniel Kwan\autonomy-bootcamp-2023\autonomy-bootcamp-2025-p2\modules\telemetry\telemetry_worker.py | telemetry_worker | 71] Sent telemetry data to queue
15:20:39: [ERROR] [C:\Users\Daniel Kwan\autonomy-bootcamp-2023\autonomy-bootcamp-2025-p2\modules\telemetry\telemetry.py | run | 117] Timeout waiting for telemtry messages
15:20:39: [ERROR] [C:\Users\Daniel Kwan\autonomy-bootcamp-2023\autonomy-bootcamp-2025-p2\modules\telemetry\telemetry_worker.py | telemetry_worker | 67] Failed to get telemetry data
15:20:39: [INFO] [C:\Users\Daniel Kwan\autonomy-bootcamp-2023\autonomy-bootcamp-2025-p2\modules\telemetry\telemetry_worker.py | telemetry_worker | 73] Telemetry worker exiting
